  Siaod8.1_2.cpp
C:\Users\Polie\source\repos\Siaod_practice_2\Siaod8.1_2\Siaod8.1_2.cpp(81,17): warning C4566: character represented by universal-character-name '\u041E' cannot be represented in the current code page (1252)
C:\Users\Polie\source\repos\Siaod_practice_2\Siaod8.1_2\Siaod8.1_2.cpp(81,17): warning C4566: character represented by universal-character-name '\u0448' cannot be represented in the current code page (1252)
C:\Users\Polie\source\repos\Siaod_practice_2\Siaod8.1_2\Siaod8.1_2.cpp(81,17): warning C4566: character represented by universal-character-name '\u0438' cannot be represented in the current code page (1252)
C:\Users\Polie\source\repos\Siaod_practice_2\Siaod8.1_2\Siaod8.1_2.cpp(81,17): warning C4566: character represented by universal-character-name '\u0431' cannot be represented in the current code page (1252)
C:\Users\Polie\source\repos\Siaod_practice_2\Siaod8.1_2\Siaod8.1_2.cpp(81,17): warning C4566: character represented by universal-character-name '\u043A' cannot be represented in the current code page (1252)
C:\Users\Polie\source\repos\Siaod_practice_2\Siaod8.1_2\Siaod8.1_2.cpp(81,17): warning C4566: character represented by universal-character-name '\u0430' cannot be represented in the current code page (1252)
C:\Users\Polie\source\repos\Siaod_practice_2\Siaod8.1_2\Siaod8.1_2.cpp(81,17): warning C4566: character represented by universal-character-name '\u043E' cannot be represented in the current code page (1252)
C:\Users\Polie\source\repos\Siaod_practice_2\Siaod8.1_2\Siaod8.1_2.cpp(81,17): warning C4566: character represented by universal-character-name '\u0442' cannot be represented in the current code page (1252)
C:\Users\Polie\source\repos\Siaod_practice_2\Siaod8.1_2\Siaod8.1_2.cpp(81,17): warning C4566: character represented by universal-character-name '\u0440' cannot be represented in the current code page (1252)
C:\Users\Polie\source\repos\Siaod_practice_2\Siaod8.1_2\Siaod8.1_2.cpp(81,17): warning C4566: character represented by universal-character-name '\u044B' cannot be represented in the current code page (1252)
C:\Users\Polie\source\repos\Siaod_practice_2\Siaod8.1_2\Siaod8.1_2.cpp(81,17): warning C4566: character represented by universal-character-name '\u044F' cannot be represented in the current code page (1252)
C:\Users\Polie\source\repos\Siaod_practice_2\Siaod8.1_2\Siaod8.1_2.cpp(81,17): warning C4566: character represented by universal-character-name '\u0444' cannot be represented in the current code page (1252)
C:\Users\Polie\source\repos\Siaod_practice_2\Siaod8.1_2\Siaod8.1_2.cpp(81,17): warning C4566: character represented by universal-character-name '\u0439' cannot be represented in the current code page (1252)
C:\Users\Polie\source\repos\Siaod_practice_2\Siaod8.1_2\Siaod8.1_2.cpp(81,17): warning C4566: character represented by universal-character-name '\u043B' cannot be represented in the current code page (1252)
C:\Users\Polie\source\repos\Siaod_practice_2\Siaod8.1_2\Siaod8.1_2.cpp(92,17): warning C4566: character represented by universal-character-name '\u041E' cannot be represented in the current code page (1252)
C:\Users\Polie\source\repos\Siaod_practice_2\Siaod8.1_2\Siaod8.1_2.cpp(92,17): warning C4566: character represented by universal-character-name '\u0448' cannot be represented in the current code page (1252)
C:\Users\Polie\source\repos\Siaod_practice_2\Siaod8.1_2\Siaod8.1_2.cpp(92,17): warning C4566: character represented by universal-character-name '\u0438' cannot be represented in the current code page (1252)
C:\Users\Polie\source\repos\Siaod_practice_2\Siaod8.1_2\Siaod8.1_2.cpp(92,17): warning C4566: character represented by universal-character-name '\u0431' cannot be represented in the current code page (1252)
C:\Users\Polie\source\repos\Siaod_practice_2\Siaod8.1_2\Siaod8.1_2.cpp(92,17): warning C4566: character represented by universal-character-name '\u043A' cannot be represented in the current code page (1252)
C:\Users\Polie\source\repos\Siaod_practice_2\Siaod8.1_2\Siaod8.1_2.cpp(92,17): warning C4566: character represented by universal-character-name '\u0430' cannot be represented in the current code page (1252)
C:\Users\Polie\source\repos\Siaod_practice_2\Siaod8.1_2\Siaod8.1_2.cpp(92,17): warning C4566: character represented by universal-character-name '\u043E' cannot be represented in the current code page (1252)
C:\Users\Polie\source\repos\Siaod_practice_2\Siaod8.1_2\Siaod8.1_2.cpp(92,17): warning C4566: character represented by universal-character-name '\u0442' cannot be represented in the current code page (1252)
C:\Users\Polie\source\repos\Siaod_practice_2\Siaod8.1_2\Siaod8.1_2.cpp(92,17): warning C4566: character represented by universal-character-name '\u0440' cannot be represented in the current code page (1252)
C:\Users\Polie\source\repos\Siaod_practice_2\Siaod8.1_2\Siaod8.1_2.cpp(92,17): warning C4566: character represented by universal-character-name '\u044B' cannot be represented in the current code page (1252)
C:\Users\Polie\source\repos\Siaod_practice_2\Siaod8.1_2\Siaod8.1_2.cpp(92,17): warning C4566: character represented by universal-character-name '\u044F' cannot be represented in the current code page (1252)
C:\Users\Polie\source\repos\Siaod_practice_2\Siaod8.1_2\Siaod8.1_2.cpp(92,17): warning C4566: character represented by universal-character-name '\u0444' cannot be represented in the current code page (1252)
C:\Users\Polie\source\repos\Siaod_practice_2\Siaod8.1_2\Siaod8.1_2.cpp(92,17): warning C4566: character represented by universal-character-name '\u0439' cannot be represented in the current code page (1252)
C:\Users\Polie\source\repos\Siaod_practice_2\Siaod8.1_2\Siaod8.1_2.cpp(92,17): warning C4566: character represented by universal-character-name '\u043B' cannot be represented in the current code page (1252)
C:\Users\Polie\source\repos\Siaod_practice_2\Siaod8.1_2\Siaod8.1_2.cpp(124,13): warning C4566: character represented by universal-character-name '\u041A' cannot be represented in the current code page (1252)
C:\Users\Polie\source\repos\Siaod_practice_2\Siaod8.1_2\Siaod8.1_2.cpp(124,13): warning C4566: character represented by universal-character-name '\u043E' cannot be represented in the current code page (1252)
C:\Users\Polie\source\repos\Siaod_practice_2\Siaod8.1_2\Siaod8.1_2.cpp(124,13): warning C4566: character represented by universal-character-name '\u044D' cannot be represented in the current code page (1252)
C:\Users\Polie\source\repos\Siaod_practice_2\Siaod8.1_2\Siaod8.1_2.cpp(124,13): warning C4566: character represented by universal-character-name '\u0444' cannot be represented in the current code page (1252)
C:\Users\Polie\source\repos\Siaod_practice_2\Siaod8.1_2\Siaod8.1_2.cpp(124,13): warning C4566: character represented by universal-character-name '\u0438' cannot be represented in the current code page (1252)
C:\Users\Polie\source\repos\Siaod_practice_2\Siaod8.1_2\Siaod8.1_2.cpp(124,13): warning C4566: character represented by universal-character-name '\u0446' cannot be represented in the current code page (1252)
C:\Users\Polie\source\repos\Siaod_practice_2\Siaod8.1_2\Siaod8.1_2.cpp(124,13): warning C4566: character represented by universal-character-name '\u0435' cannot be represented in the current code page (1252)
C:\Users\Polie\source\repos\Siaod_practice_2\Siaod8.1_2\Siaod8.1_2.cpp(124,13): warning C4566: character represented by universal-character-name '\u043D' cannot be represented in the current code page (1252)
C:\Users\Polie\source\repos\Siaod_practice_2\Siaod8.1_2\Siaod8.1_2.cpp(124,13): warning C4566: character represented by universal-character-name '\u0442' cannot be represented in the current code page (1252)
C:\Users\Polie\source\repos\Siaod_practice_2\Siaod8.1_2\Siaod8.1_2.cpp(124,13): warning C4566: character represented by universal-character-name '\u0441' cannot be represented in the current code page (1252)
C:\Users\Polie\source\repos\Siaod_practice_2\Siaod8.1_2\Siaod8.1_2.cpp(124,13): warning C4566: character represented by universal-character-name '\u0436' cannot be represented in the current code page (1252)
C:\Users\Polie\source\repos\Siaod_practice_2\Siaod8.1_2\Siaod8.1_2.cpp(124,13): warning C4566: character represented by universal-character-name '\u0430' cannot be represented in the current code page (1252)
C:\Users\Polie\source\repos\Siaod_practice_2\Siaod8.1_2\Siaod8.1_2.cpp(124,13): warning C4566: character represented by universal-character-name '\u044F' cannot be represented in the current code page (1252)
  Siaod8.1_2.vcxproj -> C:\Users\Polie\source\repos\Siaod_practice_2\Siaod8.1_2\x64\Debug\Siaod8.1_2.exe
