  Siaod_8.2.cpp
C:\Users\Polie\source\repos\Siaod_practice_2\Siaod_8.2\Siaod_8.2.cpp(22,11): warning C4267: 'initializing': conversion from 'size_t' to 'int', possible loss of data
C:\Users\Polie\source\repos\Siaod_practice_2\Siaod_8.2\Siaod_8.2.cpp(68,11): warning C4267: 'initializing': conversion from 'size_t' to 'int', possible loss of data
C:\Users\Polie\source\repos\Siaod_practice_2\Siaod_8.2\Siaod_8.2.cpp(123,13): warning C4566: character represented by universal-character-name '\u0412' cannot be represented in the current code page (1252)
C:\Users\Polie\source\repos\Siaod_practice_2\Siaod_8.2\Siaod_8.2.cpp(123,13): warning C4566: character represented by universal-character-name '\u0432' cannot be represented in the current code page (1252)
C:\Users\Polie\source\repos\Siaod_practice_2\Siaod_8.2\Siaod_8.2.cpp(123,13): warning C4566: character represented by universal-character-name '\u0435' cannot be represented in the current code page (1252)
C:\Users\Polie\source\repos\Siaod_practice_2\Siaod_8.2\Siaod_8.2.cpp(123,13): warning C4566: character represented by universal-character-name '\u0434' cannot be represented in the current code page (1252)
C:\Users\Polie\source\repos\Siaod_practice_2\Siaod_8.2\Siaod_8.2.cpp(123,13): warning C4566: character represented by universal-character-name '\u0438' cannot be represented in the current code page (1252)
C:\Users\Polie\source\repos\Siaod_practice_2\Siaod_8.2\Siaod_8.2.cpp(123,13): warning C4566: character represented by universal-character-name '\u0442' cannot be represented in the current code page (1252)
C:\Users\Polie\source\repos\Siaod_practice_2\Siaod_8.2\Siaod_8.2.cpp(123,13): warning C4566: character represented by universal-character-name '\u043F' cannot be represented in the current code page (1252)
C:\Users\Polie\source\repos\Siaod_practice_2\Siaod_8.2\Siaod_8.2.cpp(123,13): warning C4566: character represented by universal-character-name '\u0430' cannot be represented in the current code page (1252)
C:\Users\Polie\source\repos\Siaod_practice_2\Siaod_8.2\Siaod_8.2.cpp(123,13): warning C4566: character represented by universal-character-name '\u0440' cannot be represented in the current code page (1252)
C:\Users\Polie\source\repos\Siaod_practice_2\Siaod_8.2\Siaod_8.2.cpp(123,13): warning C4566: character represented by universal-character-name '\u044B' cannot be represented in the current code page (1252)
C:\Users\Polie\source\repos\Siaod_practice_2\Siaod_8.2\Siaod_8.2.cpp(123,13): warning C4566: character represented by universal-character-name '\u043A' cannot be represented in the current code page (1252)
C:\Users\Polie\source\repos\Siaod_practice_2\Siaod_8.2\Siaod_8.2.cpp(123,13): warning C4566: character represented by universal-character-name '\u043E' cannot be represented in the current code page (1252)
C:\Users\Polie\source\repos\Siaod_practice_2\Siaod_8.2\Siaod_8.2.cpp(123,13): warning C4566: character represented by universal-character-name '\u043D' cannot be represented in the current code page (1252)
C:\Users\Polie\source\repos\Siaod_practice_2\Siaod_8.2\Siaod_8.2.cpp(123,13): warning C4566: character represented by universal-character-name '\u0436' cannot be represented in the current code page (1252)
C:\Users\Polie\source\repos\Siaod_practice_2\Siaod_8.2\Siaod_8.2.cpp(123,13): warning C4566: character represented by universal-character-name '\u044F' cannot be represented in the current code page (1252)
C:\Users\Polie\source\repos\Siaod_practice_2\Siaod_8.2\Siaod_8.2.cpp(123,13): warning C4566: character represented by universal-character-name '\u0441' cannot be represented in the current code page (1252)
C:\Users\Polie\source\repos\Siaod_practice_2\Siaod_8.2\Siaod_8.2.cpp(123,13): warning C4566: character represented by universal-character-name '\u0439' cannot be represented in the current code page (1252)
C:\Users\Polie\source\repos\Siaod_practice_2\Siaod_8.2\Siaod_8.2.cpp(123,13): warning C4566: character represented by universal-character-name '\u0443' cannot be represented in the current code page (1252)
C:\Users\Polie\source\repos\Siaod_practice_2\Siaod_8.2\Siaod_8.2.cpp(123,13): warning C4566: character represented by universal-character-name '\u043B' cannot be represented in the current code page (1252)
C:\Users\Polie\source\repos\Siaod_practice_2\Siaod_8.2\Siaod_8.2.cpp(123,13): warning C4566: character represented by universal-character-name '\u0437' cannot be represented in the current code page (1252)
C:\Users\Polie\source\repos\Siaod_practice_2\Siaod_8.2\Siaod_8.2.cpp(123,13): warning C4566: character represented by universal-character-name '\u0448' cannot be represented in the current code page (1252)
C:\Users\Polie\source\repos\Siaod_practice_2\Siaod_8.2\Siaod_8.2.cpp(135,21): warning C4566: character represented by universal-character-name '\u041E' cannot be represented in the current code page (1252)
C:\Users\Polie\source\repos\Siaod_practice_2\Siaod_8.2\Siaod_8.2.cpp(135,21): warning C4566: character represented by universal-character-name '\u0448' cannot be represented in the current code page (1252)
C:\Users\Polie\source\repos\Siaod_practice_2\Siaod_8.2\Siaod_8.2.cpp(135,21): warning C4566: character represented by universal-character-name '\u0438' cannot be represented in the current code page (1252)
C:\Users\Polie\source\repos\Siaod_practice_2\Siaod_8.2\Siaod_8.2.cpp(135,21): warning C4566: character represented by universal-character-name '\u0431' cannot be represented in the current code page (1252)
C:\Users\Polie\source\repos\Siaod_practice_2\Siaod_8.2\Siaod_8.2.cpp(135,21): warning C4566: character represented by universal-character-name '\u043A' cannot be represented in the current code page (1252)
C:\Users\Polie\source\repos\Siaod_practice_2\Siaod_8.2\Siaod_8.2.cpp(135,21): warning C4566: character represented by universal-character-name '\u0430' cannot be represented in the current code page (1252)
C:\Users\Polie\source\repos\Siaod_practice_2\Siaod_8.2\Siaod_8.2.cpp(135,21): warning C4566: character represented by universal-character-name '\u0432' cannot be represented in the current code page (1252)
C:\Users\Polie\source\repos\Siaod_practice_2\Siaod_8.2\Siaod_8.2.cpp(135,21): warning C4566: character represented by universal-character-name '\u043E' cannot be represented in the current code page (1252)
C:\Users\Polie\source\repos\Siaod_practice_2\Siaod_8.2\Siaod_8.2.cpp(135,21): warning C4566: character represented by universal-character-name '\u0434' cannot be represented in the current code page (1252)
C:\Users\Polie\source\repos\Siaod_practice_2\Siaod_8.2\Siaod_8.2.cpp(135,21): warning C4566: character represented by universal-character-name '\u041F' cannot be represented in the current code page (1252)
C:\Users\Polie\source\repos\Siaod_practice_2\Siaod_8.2\Siaod_8.2.cpp(135,21): warning C4566: character represented by universal-character-name '\u0440' cannot be represented in the current code page (1252)
C:\Users\Polie\source\repos\Siaod_practice_2\Siaod_8.2\Siaod_8.2.cpp(135,21): warning C4566: character represented by universal-character-name '\u0435' cannot be represented in the current code page (1252)
C:\Users\Polie\source\repos\Siaod_practice_2\Siaod_8.2\Siaod_8.2.cpp(135,21): warning C4566: character represented by universal-character-name '\u044C' cannot be represented in the current code page (1252)
C:\Users\Polie\source\repos\Siaod_practice_2\Siaod_8.2\Siaod_8.2.cpp(135,21): warning C4566: character represented by universal-character-name '\u0442' cannot be represented in the current code page (1252)
C:\Users\Polie\source\repos\Siaod_practice_2\Siaod_8.2\Siaod_8.2.cpp(135,21): warning C4566: character represented by universal-character-name '\u0444' cannot be represented in the current code page (1252)
C:\Users\Polie\source\repos\Siaod_practice_2\Siaod_8.2\Siaod_8.2.cpp(135,21): warning C4566: character represented by universal-character-name '\u043C' cannot be represented in the current code page (1252)
C:\Users\Polie\source\repos\Siaod_practice_2\Siaod_8.2\Siaod_8.2.cpp(135,21): warning C4566: character represented by universal-character-name '\u043B' cannot be represented in the current code page (1252)
C:\Users\Polie\source\repos\Siaod_practice_2\Siaod_8.2\Siaod_8.2.cpp(135,21): warning C4566: character represented by universal-character-name '\u0436' cannot be represented in the current code page (1252)
C:\Users\Polie\source\repos\Siaod_practice_2\Siaod_8.2\Siaod_8.2.cpp(135,21): warning C4566: character represented by universal-character-name '\u043D' cannot be represented in the current code page (1252)
C:\Users\Polie\source\repos\Siaod_practice_2\Siaod_8.2\Siaod_8.2.cpp(135,21): warning C4566: character represented by universal-character-name '\u044B' cannot be represented in the current code page (1252)
C:\Users\Polie\source\repos\Siaod_practice_2\Siaod_8.2\Siaod_8.2.cpp(135,21): warning C4566: character represented by universal-character-name '\u0447' cannot be represented in the current code page (1252)
C:\Users\Polie\source\repos\Siaod_practice_2\Siaod_8.2\Siaod_8.2.cpp(135,21): warning C4566: character represented by universal-character-name '\u0441' cannot be represented in the current code page (1252)
C:\Users\Polie\source\repos\Siaod_practice_2\Siaod_8.2\Siaod_8.2.cpp(135,21): warning C4566: character represented by universal-character-name '\u0437' cannot be represented in the current code page (1252)
C:\Users\Polie\source\repos\Siaod_practice_2\Siaod_8.2\Siaod_8.2.cpp(135,21): warning C4566: character represented by universal-character-name '\u0451' cannot be represented in the current code page (1252)
C:\Users\Polie\source\repos\Siaod_practice_2\Siaod_8.2\Siaod_8.2.cpp(135,21): warning C4566: character represented by universal-character-name '\u043F' cannot be represented in the current code page (1252)
C:\Users\Polie\source\repos\Siaod_practice_2\Siaod_8.2\Siaod_8.2.cpp(149,13): warning C4566: character represented by universal-character-name '\u041C' cannot be represented in the current code page (1252)
C:\Users\Polie\source\repos\Siaod_practice_2\Siaod_8.2\Siaod_8.2.cpp(149,13): warning C4566: character represented by universal-character-name '\u0430' cannot be represented in the current code page (1252)
C:\Users\Polie\source\repos\Siaod_practice_2\Siaod_8.2\Siaod_8.2.cpp(149,13): warning C4566: character represented by universal-character-name '\u043A' cannot be represented in the current code page (1252)
C:\Users\Polie\source\repos\Siaod_practice_2\Siaod_8.2\Siaod_8.2.cpp(149,13): warning C4566: character represented by universal-character-name '\u0441' cannot be represented in the current code page (1252)
C:\Users\Polie\source\repos\Siaod_practice_2\Siaod_8.2\Siaod_8.2.cpp(149,13): warning C4566: character represented by universal-character-name '\u0438' cannot be represented in the current code page (1252)
C:\Users\Polie\source\repos\Siaod_practice_2\Siaod_8.2\Siaod_8.2.cpp(149,13): warning C4566: character represented by universal-character-name '\u043C' cannot be represented in the current code page (1252)
C:\Users\Polie\source\repos\Siaod_practice_2\Siaod_8.2\Siaod_8.2.cpp(149,13): warning C4566: character represented by universal-character-name '\u043B' cannot be represented in the current code page (1252)
C:\Users\Polie\source\repos\Siaod_practice_2\Siaod_8.2\Siaod_8.2.cpp(149,13): warning C4566: character represented by universal-character-name '\u044C' cannot be represented in the current code page (1252)
C:\Users\Polie\source\repos\Siaod_practice_2\Siaod_8.2\Siaod_8.2.cpp(149,13): warning C4566: character represented by universal-character-name '\u043D' cannot be represented in the current code page (1252)
C:\Users\Polie\source\repos\Siaod_practice_2\Siaod_8.2\Siaod_8.2.cpp(149,13): warning C4566: character represented by universal-character-name '\u044F' cannot be represented in the current code page (1252)
C:\Users\Polie\source\repos\Siaod_practice_2\Siaod_8.2\Siaod_8.2.cpp(149,13): warning C4566: character represented by universal-character-name '\u043F' cannot be represented in the current code page (1252)
C:\Users\Polie\source\repos\Siaod_practice_2\Siaod_8.2\Siaod_8.2.cpp(149,13): warning C4566: character represented by universal-character-name '\u043E' cannot be represented in the current code page (1252)
C:\Users\Polie\source\repos\Siaod_practice_2\Siaod_8.2\Siaod_8.2.cpp(149,13): warning C4566: character represented by universal-character-name '\u0449' cannot be represented in the current code page (1252)
C:\Users\Polie\source\repos\Siaod_practice_2\Siaod_8.2\Siaod_8.2.cpp(149,13): warning C4566: character represented by universal-character-name '\u0434' cannot be represented in the current code page (1252)
C:\Users\Polie\source\repos\Siaod_practice_2\Siaod_8.2\Siaod_8.2.cpp(149,13): warning C4566: character represented by universal-character-name '\u0444' cannot be represented in the current code page (1252)
C:\Users\Polie\source\repos\Siaod_practice_2\Siaod_8.2\Siaod_8.2.cpp(149,13): warning C4566: character represented by universal-character-name '\u0433' cannot be represented in the current code page (1252)
C:\Users\Polie\source\repos\Siaod_practice_2\Siaod_8.2\Siaod_8.2.cpp(149,13): warning C4566: character represented by universal-character-name '\u0443' cannot be represented in the current code page (1252)
C:\Users\Polie\source\repos\Siaod_practice_2\Siaod_8.2\Siaod_8.2.cpp(149,13): warning C4566: character represented by universal-character-name '\u0440' cannot be represented in the current code page (1252)
C:\Users\Polie\source\repos\Siaod_practice_2\Siaod_8.2\Siaod_8.2.cpp(149,13): warning C4566: character represented by universal-character-name '\u044B' cannot be represented in the current code page (1252)
  Siaod_8.2.vcxproj -> C:\Users\Polie\source\repos\Siaod_practice_2\Siaod_8.2\x64\Debug\Siaod_8.2.exe
